\BOOKMARK [1][-]{section.1}{\376\377\220\011\230\230\200\314\146\157\116\016\227\000\154\102\122\006\147\220}{}% 1
\BOOKMARK [2][-]{subsection.1.1}{\376\377\142\333\200\130\127\072\146\157\166\204\150\070\137\303\167\333\166\376}{section.1}% 2
\BOOKMARK [2][-]{subsection.1.2}{\376\377\142\333\200\130\155\101\172\013\116\055\166\204\126\333\174\173\150\070\137\303\165\333\160\271}{section.1}% 3
\BOOKMARK [2][-]{subsection.1.3}{\376\377\116\316\210\114\116\032\165\333\160\271\122\060\142\200\147\057\220\011\127\213\166\204\123\315\124\021\143\250\157\024}{section.1}% 4
\BOOKMARK [2][-]{subsection.1.4}{\376\377\116\072\116\300\116\110\137\305\230\173\146\057\000\040\000A\000g\000e\000n\000t\377\014\200\014\116\015\146\057\123\125\153\041\000\040\000L\000L\000M\000\040\214\003\165\050}{section.1}% 5
\BOOKMARK [2][-]{subsection.1.5}{\376\377\220\011\230\230\172\313\141\017\116\016\116\367\120\074\133\232\117\115}{section.1}% 6
\BOOKMARK [1][-]{section.2}{\376\377\000A\000g\000e\000n\000t\000\040\147\266\147\204\213\276\213\241}{}% 7
\BOOKMARK [2][-]{subsection.2.1}{\376\377\145\164\117\123\147\266\147\204\140\073\211\310}{section.2}% 8
\BOOKMARK [2][-]{subsection.2.2}{\376\377\000F\000u\000n\000c\000t\000i\000o\000n\000\040\000C\000a\000l\000l\000i\000n\000g\377\032\116\011\134\102\135\345\121\167\117\123\174\373}{section.2}% 9
\BOOKMARK [2][-]{subsection.2.3}{\376\377\000M\000e\000m\000o\000r\000y\000\040\117\123\174\373\377\032\167\355\145\366\135\345\117\134\213\260\137\306\000\040\000+\000\040\225\177\147\037\120\117\131\175\154\211\155\300}{section.2}% 10
\BOOKMARK [2][-]{subsection.2.4}{\376\377\000P\000l\000a\000n\000n\000i\000n\000g\377\032\000R\000e\000A\000c\000t\000\040\116\016\000\040\000P\000l\000a\000n\000-\000a\000n\000d\000-\000E\000x\000e\000c\000u\000t\000e\000\040\123\314\203\003\137\017}{section.2}% 11
\BOOKMARK [1][-]{section.3}{\376\377\121\163\225\056\173\227\154\325\116\016\133\236\232\214\232\214\213\301}{}% 12
\BOOKMARK [2][-]{subsection.3.1}{\376\377\173\227\154\325\117\123\174\373\151\202\211\310}{section.3}% 13
\BOOKMARK [2][-]{subsection.3.2}{\376\377\176\323\147\204\123\026\117\341\140\157\142\275\123\326\377\010\000Q\000w\000e\000n\000\040\000A\000P\000I\000\040\000+\000\040\000C\000o\000T\377\011}{section.3}% 14
\BOOKMARK [2][-]{subsection.3.3}{\376\377\142\200\147\057\167\345\213\306\126\376\214\061\116\016\000\040\000G\000r\000a\000p\000h\000R\000A\000G\000\040\123\071\221\115\130\236\137\072}{section.3}% 15
\BOOKMARK [2][-]{subsection.3.4}{\376\377\173\200\123\206\217\307\136\246\123\005\210\305\150\300\155\113\377\010\000S\000F\000T\000\040\000+\000\040\000D\000P\000O\377\011}{section.3}% 16
\BOOKMARK [2][-]{subsection.3.5}{\376\377\137\256\214\003\152\041\127\213\147\015\122\241\123\026\220\350\177\162}{section.3}% 17
\BOOKMARK [1][-]{section.4}{\376\377\142\200\147\057\150\010\116\016\220\350\177\162}{}% 18
\BOOKMARK [2][-]{subsection.4.1}{\376\377\140\073\117\123\147\266\147\204}{section.4}% 19
\BOOKMARK [2][-]{subsection.4.2}{\376\377\122\115\172\357}{section.4}% 20
\BOOKMARK [2][-]{subsection.4.3}{\376\377\124\016\172\357\000\040\000A\000P\000I}{section.4}% 21
\BOOKMARK [2][-]{subsection.4.4}{\376\377\000A\000g\000e\000n\000t\000\040\150\106\147\266}{section.4}% 22
\BOOKMARK [2][-]{subsection.4.5}{\376\377\145\160\143\156\133\130\120\250}{section.4}% 23
\BOOKMARK [2][-]{subsection.4.6}{\376\377\220\350\177\162}{section.4}% 24
\BOOKMARK [2][-]{subsection.4.7}{\376\377\116\221\172\357\217\320\210\114\163\257\130\203\116\016\000\040\000A\000u\000t\000o\000D\000L\000\040\143\250\164\006\226\247\220\123}{section.4}% 25
\BOOKMARK [1][-]{section.5}{\376\377\174\373\176\337\122\237\200\375\134\125\171\072}{}% 26
\BOOKMARK [2][-]{subsection.5.1}{\376\377\230\165\227\142\140\073\211\310}{section.5}% 27
\BOOKMARK [2][-]{subsection.5.2}{\376\377\117\001\116\032\116\016\134\227\117\115\173\241\164\006}{section.5}% 28
\BOOKMARK [2][-]{subsection.5.3}{\376\377\120\031\220\011\116\272\173\241\164\006}{section.5}% 29
\BOOKMARK [2][-]{subsection.5.4}{\376\377\142\171\221\317\123\026\213\304\117\060\167\013\147\177}{section.5}% 30
\BOOKMARK [2][-]{subsection.5.5}{\376\377\155\361\136\246\213\304\117\060\000\040\000A\000g\000e\000n\000t\377\010\221\315\160\271\377\011}{section.5}% 31
\BOOKMARK [2][-]{subsection.5.6}{\376\377\000E\000v\000a\000l\000\040\174\373\176\337}{section.5}% 32
\BOOKMARK [1][-]{section.6}{\376\377\176\323\213\272\116\016\134\125\147\033}{}% 33
\BOOKMARK [2][-]{subsection.6.1}{\376\377\150\070\137\303\176\323\213\272}{section.6}% 34
\BOOKMARK [2][-]{subsection.6.2}{\376\377\134\100\226\120\116\016\147\052\147\145\135\345\117\134}{section.6}% 35
